<?xml version="1.0" encoding="UTF-8"?>
<testng-results ignored="0" total="3" passed="3" failed="0" skipped="0">
  <reporter-output>
  </reporter-output>
  <suite started-at="2024-12-01T16:22:23 EST" name="Default suite" finished-at="2024-12-01T16:22:25 EST" duration-ms="2404">
    <groups>
    </groups>
    <test started-at="2024-12-01T16:22:23 EST" name="Default test" finished-at="2024-12-01T16:22:25 EST" duration-ms="2404">
      <class name="conestoga.ApiTest">
        <test-method signature="testAllPosts()[pri:0, instance:conestoga.ApiTest@7334aada]" started-at="2024-12-01T16:22:23 EST" name="testAllPosts" finished-at="2024-12-01T16:22:25 EST" duration-ms="2073" status="PASS">
          <reporter-output>
          </reporter-output>
        </test-method> <!-- testAllPosts -->
        <test-method signature="testGetRequest()[pri:0, instance:conestoga.ApiTest@7334aada]" started-at="2024-12-01T16:22:25 EST" name="testGetRequest" finished-at="2024-12-01T16:22:25 EST" duration-ms="99" status="PASS">
          <reporter-output>
          </reporter-output>
        </test-method> <!-- testGetRequest -->
        <test-method signature="testPostRequest()[pri:0, instance:conestoga.ApiTest@7334aada]" started-at="2024-12-01T16:22:25 EST" name="testPostRequest" finished-at="2024-12-01T16:22:25 EST" duration-ms="188" status="PASS">
          <reporter-output>
          </reporter-output>
        </test-method> <!-- testPostRequest -->
      </class> <!-- conestoga.ApiTest -->
    </test> <!-- Default test -->
  </suite> <!-- Default suite -->
</testng-results>
