<?xml version="1.0" encoding="UTF-8"?>
<!-- Generated by org.testng.reporters.JUnitXMLReporter -->
<testsuite ignored="0" hostname="Admin" failures="0" tests="3" name="Default test" time="2.404" errors="0" timestamp="2024-12-01T16:22:25 EST">
  <testcase classname="conestoga.ApiTest" name="testAllPosts" time="2.073"/>
  <testcase classname="conestoga.ApiTest" name="testGetRequest" time="0.099"/>
  <testcase classname="conestoga.ApiTest" name="testPostRequest" time="0.188"/>
</testsuite> <!-- Default test -->
